Started by user [8mha:////4H+WqQa1ZoDx9ded0jOssnob+S6HtJb53veE3/YhCypLAAAAlx+LCAAAAAAAAP9b85aBtbiIQTGjNKU4P08vOT+vOD8nVc83PyU1x6OyILUoJzMv2y+/JJUBAhiZGBgqihhk0NSjKDWzXb3RdlLBUSYGJk8GtpzUvPSSDB8G5tKinBIGIZ+sxLJE/ZzEvHT94JKizLx0a6BxUmjGOUNodHsLgAzWEgZu/dLi1CL9xJTczDwAj6GcLcAAAAA=[0madmin
Replayed [8mha:////4EUxaA3tar3abki6cmFwf52Nr9AX5Cc5hXNhAC4Oi6zCAAAArB+LCAAAAAAAAP9b85aBtbiIQTGjNKU4P08vOT+vOD8nVc83PyU1x6OyILUoJzMv2y+/JJUBAhiZGBgqihhk0NSjKDWzXb3RdlLBUSYGJk8GtpzUvPSSDB8G5tKinBIGIZ+sxLJE/ZzEvHT94JKizLx0a6BxUmjGOUNodHsLgAzmEgYF/az8JP1gVx9XP89Q33gXf2dv16B4p1BPHxfXIH1DQ30AeokbJNUAAAA=[0m#11
org.codehaus.groovy.control.MultipleCompilationErrorsException: startup failed:
WorkflowScript: 43: Missing required parameter: "label" @ line 43, column 13.
               node {
               ^

1 error

	at org.codehaus.groovy.control.ErrorCollector.failIfErrors(ErrorCollector.java:309)
	at org.codehaus.groovy.control.CompilationUnit.applyToPrimaryClassNodes(CompilationUnit.java:1107)
	at org.codehaus.groovy.control.CompilationUnit.doPhaseOperation(CompilationUnit.java:624)
	at org.codehaus.groovy.control.CompilationUnit.processPhaseOperations(CompilationUnit.java:602)
	at org.codehaus.groovy.control.CompilationUnit.compile(CompilationUnit.java:579)
	at groovy.lang.GroovyClassLoader.doParseClass(GroovyClassLoader.java:323)
	at groovy.lang.GroovyClassLoader.parseClass(GroovyClassLoader.java:293)
	at org.jenkinsci.plugins.scriptsecurity.sandbox.groovy.GroovySandbox$Scope.parse(GroovySandbox.java:163)
	at org.jenkinsci.plugins.workflow.cps.CpsGroovyShell.doParse(CpsGroovyShell.java:190)
	at org.jenkinsci.plugins.workflow.cps.CpsGroovyShell.reparse(CpsGroovyShell.java:175)
	at org.jenkinsci.plugins.workflow.cps.CpsFlowExecution.parseScript(CpsFlowExecution.java:635)
	at org.jenkinsci.plugins.workflow.cps.CpsFlowExecution.start(CpsFlowExecution.java:581)
	at org.jenkinsci.plugins.workflow.job.WorkflowRun.run(WorkflowRun.java:335)
	at hudson.model.ResourceController.execute(ResourceController.java:101)
	at hudson.model.Executor.run(Executor.java:442)
Finished: FAILURE
