<?xml version="1.0" encoding="UTF-8"?>
<testng-results ignored="0" total="9" passed="9" failed="0" skipped="0">
  <reporter-output>
  </reporter-output>
  <suite started-at="2024-06-28T00:14:33 GMT" name="vendor-portal" finished-at="2024-06-28T00:14:50 GMT" duration-ms="16189">
    <groups>
    </groups>
    <test started-at="2024-06-28T00:14:33 GMT" name="user-john" finished-at="2024-06-28T00:14:47 GMT" duration-ms="13515">
      <class name="com.vinsguru.tests.vendorportal.VendorPortalTest">
        <test-method is-config="true" signature="setupConfig()[pri:0, instance:com.vinsguru.tests.vendorportal.VendorPortalTest@55cf0d14]" started-at="2024-06-28T00:14:33 GMT" name="setupConfig" finished-at="2024-06-28T00:14:33 GMT" duration-ms="134" status="PASS">
          <reporter-output>
          </reporter-output>
        </test-method> <!-- setupConfig -->
        <test-method is-config="true" signature="setDriver(org.testng.ITestContext)[pri:0, instance:com.vinsguru.tests.vendorportal.VendorPortalTest@55cf0d14]" started-at="2024-06-28T00:14:34 GMT" name="setDriver" finished-at="2024-06-28T00:14:40 GMT" duration-ms="6804" status="PASS">
          <params>
            <param index="0">
              <value>
                <![CDATA[org.testng.TestRunner@51fadaff]]>
              </value>
            </param>
          </params>
          <reporter-output>
          </reporter-output>
        </test-method> <!-- setDriver -->
        <test-method is-config="true" signature="setPageObjects(java.lang.String)[pri:0, instance:com.vinsguru.tests.vendorportal.VendorPortalTest@55cf0d14]" started-at="2024-06-28T00:14:40 GMT" name="setPageObjects" finished-at="2024-06-28T00:14:42 GMT" depends-on-methods="com.vinsguru.tests.AbstractTest.setDriver" duration-ms="1261" status="PASS">
          <params>
            <param index="0">
              <value>
                <![CDATA[test-data/vendor-portal/john.json]]>
              </value>
            </param>
          </params>
          <reporter-output>
          </reporter-output>
        </test-method> <!-- setPageObjects -->
        <test-method signature="loginTest()[pri:0, instance:com.vinsguru.tests.vendorportal.VendorPortalTest@55cf0d14]" started-at="2024-06-28T00:14:42 GMT" name="loginTest" finished-at="2024-06-28T00:14:43 GMT" duration-ms="1282" status="PASS">
          <reporter-output>
          </reporter-output>
        </test-method> <!-- loginTest -->
        <test-method signature="dashboardTest()[pri:0, instance:com.vinsguru.tests.vendorportal.VendorPortalTest@55cf0d14]" started-at="2024-06-28T00:14:43 GMT" name="dashboardTest" finished-at="2024-06-28T00:14:46 GMT" depends-on-methods="com.vinsguru.tests.vendorportal.VendorPortalTest.loginTest" duration-ms="2392" status="PASS">
          <reporter-output>
          </reporter-output>
        </test-method> <!-- dashboardTest -->
        <test-method signature="logoutTest()[pri:0, instance:com.vinsguru.tests.vendorportal.VendorPortalTest@55cf0d14]" started-at="2024-06-28T00:14:46 GMT" name="logoutTest" finished-at="2024-06-28T00:14:47 GMT" depends-on-methods="com.vinsguru.tests.vendorportal.VendorPortalTest.dashboardTest" duration-ms="1203" status="PASS">
          <reporter-output>
          </reporter-output>
        </test-method> <!-- logoutTest -->
        <test-method is-config="true" signature="quitDriver()[pri:0, instance:com.vinsguru.tests.vendorportal.VendorPortalTest@55cf0d14]" started-at="2024-06-28T00:14:47 GMT" name="quitDriver" finished-at="2024-06-28T00:14:47 GMT" duration-ms="89" status="PASS">
          <reporter-output>
          </reporter-output>
        </test-method> <!-- quitDriver -->
      </class> <!-- com.vinsguru.tests.vendorportal.VendorPortalTest -->
    </test> <!-- user-john -->
    <test started-at="2024-06-28T00:14:33 GMT" name="user-mike" finished-at="2024-06-28T00:14:48 GMT" duration-ms="14864">
      <class name="com.vinsguru.tests.vendorportal.VendorPortalTest">
        <test-method is-config="true" signature="setDriver(org.testng.ITestContext)[pri:0, instance:com.vinsguru.tests.vendorportal.VendorPortalTest@28d18df5]" started-at="2024-06-28T00:14:34 GMT" name="setDriver" finished-at="2024-06-28T00:14:40 GMT" duration-ms="6799" status="PASS">
          <params>
            <param index="0">
              <value>
                <![CDATA[org.testng.TestRunner@31ff43be]]>
              </value>
            </param>
          </params>
          <reporter-output>
          </reporter-output>
        </test-method> <!-- setDriver -->
        <test-method is-config="true" signature="setPageObjects(java.lang.String)[pri:0, instance:com.vinsguru.tests.vendorportal.VendorPortalTest@28d18df5]" started-at="2024-06-28T00:14:40 GMT" name="setPageObjects" finished-at="2024-06-28T00:14:42 GMT" depends-on-methods="com.vinsguru.tests.AbstractTest.setDriver" duration-ms="1261" status="PASS">
          <params>
            <param index="0">
              <value>
                <![CDATA[test-data/vendor-portal/mike.json]]>
              </value>
            </param>
          </params>
          <reporter-output>
          </reporter-output>
        </test-method> <!-- setPageObjects -->
        <test-method signature="loginTest()[pri:0, instance:com.vinsguru.tests.vendorportal.VendorPortalTest@28d18df5]" started-at="2024-06-28T00:14:42 GMT" name="loginTest" finished-at="2024-06-28T00:14:43 GMT" duration-ms="1282" status="PASS">
          <reporter-output>
          </reporter-output>
        </test-method> <!-- loginTest -->
        <test-method signature="dashboardTest()[pri:0, instance:com.vinsguru.tests.vendorportal.VendorPortalTest@28d18df5]" started-at="2024-06-28T00:14:43 GMT" name="dashboardTest" finished-at="2024-06-28T00:14:47 GMT" depends-on-methods="com.vinsguru.tests.vendorportal.VendorPortalTest.loginTest" duration-ms="3467" status="PASS">
          <reporter-output>
          </reporter-output>
        </test-method> <!-- dashboardTest -->
        <test-method signature="logoutTest()[pri:0, instance:com.vinsguru.tests.vendorportal.VendorPortalTest@28d18df5]" started-at="2024-06-28T00:14:47 GMT" name="logoutTest" finished-at="2024-06-28T00:14:48 GMT" depends-on-methods="com.vinsguru.tests.vendorportal.VendorPortalTest.dashboardTest" duration-ms="1472" status="PASS">
          <reporter-output>
          </reporter-output>
        </test-method> <!-- logoutTest -->
        <test-method is-config="true" signature="quitDriver()[pri:0, instance:com.vinsguru.tests.vendorportal.VendorPortalTest@28d18df5]" started-at="2024-06-28T00:14:48 GMT" name="quitDriver" finished-at="2024-06-28T00:14:48 GMT" duration-ms="115" status="PASS">
          <reporter-output>
          </reporter-output>
        </test-method> <!-- quitDriver -->
      </class> <!-- com.vinsguru.tests.vendorportal.VendorPortalTest -->
    </test> <!-- user-mike -->
    <test started-at="2024-06-28T00:14:33 GMT" name="user-sam" finished-at="2024-06-28T00:14:50 GMT" duration-ms="16189">
      <class name="com.vinsguru.tests.vendorportal.VendorPortalTest">
        <test-method is-config="true" signature="setDriver(org.testng.ITestContext)[pri:0, instance:com.vinsguru.tests.vendorportal.VendorPortalTest@29a5f4e7]" started-at="2024-06-28T00:14:34 GMT" name="setDriver" finished-at="2024-06-28T00:14:40 GMT" duration-ms="6799" status="PASS">
          <params>
            <param index="0">
              <value>
                <![CDATA[org.testng.TestRunner@401f7633]]>
              </value>
            </param>
          </params>
          <reporter-output>
          </reporter-output>
        </test-method> <!-- setDriver -->
        <test-method is-config="true" signature="setPageObjects(java.lang.String)[pri:0, instance:com.vinsguru.tests.vendorportal.VendorPortalTest@29a5f4e7]" started-at="2024-06-28T00:14:40 GMT" name="setPageObjects" finished-at="2024-06-28T00:14:42 GMT" depends-on-methods="com.vinsguru.tests.AbstractTest.setDriver" duration-ms="1261" status="PASS">
          <params>
            <param index="0">
              <value>
                <![CDATA[test-data/vendor-portal/sam.json]]>
              </value>
            </param>
          </params>
          <reporter-output>
          </reporter-output>
        </test-method> <!-- setPageObjects -->
        <test-method signature="loginTest()[pri:0, instance:com.vinsguru.tests.vendorportal.VendorPortalTest@29a5f4e7]" started-at="2024-06-28T00:14:42 GMT" name="loginTest" finished-at="2024-06-28T00:14:43 GMT" duration-ms="1282" status="PASS">
          <reporter-output>
          </reporter-output>
        </test-method> <!-- loginTest -->
        <test-method signature="dashboardTest()[pri:0, instance:com.vinsguru.tests.vendorportal.VendorPortalTest@29a5f4e7]" started-at="2024-06-28T00:14:43 GMT" name="dashboardTest" finished-at="2024-06-28T00:14:46 GMT" depends-on-methods="com.vinsguru.tests.vendorportal.VendorPortalTest.loginTest" duration-ms="2544" status="PASS">
          <reporter-output>
          </reporter-output>
        </test-method> <!-- dashboardTest -->
        <test-method signature="logoutTest()[pri:0, instance:com.vinsguru.tests.vendorportal.VendorPortalTest@29a5f4e7]" started-at="2024-06-28T00:14:46 GMT" name="logoutTest" finished-at="2024-06-28T00:14:50 GMT" depends-on-methods="com.vinsguru.tests.vendorportal.VendorPortalTest.dashboardTest" duration-ms="3805" status="PASS">
          <reporter-output>
          </reporter-output>
        </test-method> <!-- logoutTest -->
        <test-method is-config="true" signature="quitDriver()[pri:0, instance:com.vinsguru.tests.vendorportal.VendorPortalTest@29a5f4e7]" started-at="2024-06-28T00:14:50 GMT" name="quitDriver" finished-at="2024-06-28T00:14:50 GMT" duration-ms="74" status="PASS">
          <reporter-output>
          </reporter-output>
        </test-method> <!-- quitDriver -->
      </class> <!-- com.vinsguru.tests.vendorportal.VendorPortalTest -->
    </test> <!-- user-sam -->
  </suite> <!-- vendor-portal -->
</testng-results>
