<?xml version="1.0" encoding="UTF-8"?>
<testng-results ignored="0" total="20" passed="20" failed="0" skipped="0">
  <reporter-output>
  </reporter-output>
  <suite started-at="2024-06-27T02:00:38 GMT" name="flight-reservation" finished-at="2024-06-27T02:00:47 GMT" duration-ms="9055">
    <groups>
    </groups>
    <test started-at="2024-06-27T02:00:38 GMT" name="passengers-count-2" finished-at="2024-06-27T02:00:44 GMT" duration-ms="6495">
      <class name="com.yehorychev.tests.flightreservation.FlightReservationTest">
        <test-method is-config="true" signature="setDriver(org.testng.ITestContext)[pri:0, instance:com.yehorychev.tests.flightreservation.FlightReservationTest@5117dd67]" started-at="2024-06-27T02:00:38 GMT" name="setDriver" finished-at="2024-06-27T02:00:38 GMT" duration-ms="634" status="PASS">
          <params>
            <param index="0">
              <value>
                <![CDATA[org.testng.TestRunner@1869fbd2]]>
              </value>
            </param>
          </params>
          <reporter-output>
          </reporter-output>
        </test-method> <!-- setDriver -->
        <test-method is-config="true" signature="setNoOfPassengersAndExpectedPrice(java.lang.String)[pri:0, instance:com.yehorychev.tests.flightreservation.FlightReservationTest@5117dd67]" started-at="2024-06-27T02:00:38 GMT" name="setNoOfPassengersAndExpectedPrice" finished-at="2024-06-27T02:00:38 GMT" depends-on-methods="com.yehorychev.tests.BaseTest.setDriver" duration-ms="77" status="PASS">
          <params>
            <param index="0">
              <value>
                <![CDATA[test-data/flight-reservation/passenger-2.json]]>
              </value>
            </param>
          </params>
          <reporter-output>
          </reporter-output>
        </test-method> <!-- setNoOfPassengersAndExpectedPrice -->
        <test-method signature="userRegistrationTest()[pri:0, instance:com.yehorychev.tests.flightreservation.FlightReservationTest@5117dd67]" started-at="2024-06-27T02:00:38 GMT" name="userRegistrationTest" finished-at="2024-06-27T02:00:40 GMT" duration-ms="1018" status="PASS">
          <reporter-output>
          </reporter-output>
        </test-method> <!-- userRegistrationTest -->
        <test-method signature="registrationConfirmationTest()[pri:0, instance:com.yehorychev.tests.flightreservation.FlightReservationTest@5117dd67]" started-at="2024-06-27T02:00:40 GMT" name="registrationConfirmationTest" finished-at="2024-06-27T02:00:41 GMT" depends-on-methods="com.yehorychev.tests.flightreservation.FlightReservationTest.userRegistrationTest" duration-ms="1683" status="PASS">
          <reporter-output>
          </reporter-output>
        </test-method> <!-- registrationConfirmationTest -->
        <test-method signature="flightSearchTest()[pri:0, instance:com.yehorychev.tests.flightreservation.FlightReservationTest@5117dd67]" started-at="2024-06-27T02:00:41 GMT" name="flightSearchTest" finished-at="2024-06-27T02:00:42 GMT" depends-on-methods="com.yehorychev.tests.flightreservation.FlightReservationTest.registrationConfirmationTest" duration-ms="712" status="PASS">
          <reporter-output>
          </reporter-output>
        </test-method> <!-- flightSearchTest -->
        <test-method signature="flightSelectionTest()[pri:0, instance:com.yehorychev.tests.flightreservation.FlightReservationTest@5117dd67]" started-at="2024-06-27T02:00:42 GMT" name="flightSelectionTest" finished-at="2024-06-27T02:00:43 GMT" depends-on-methods="com.yehorychev.tests.flightreservation.FlightReservationTest.flightSearchTest" duration-ms="663" status="PASS">
          <reporter-output>
          </reporter-output>
        </test-method> <!-- flightSelectionTest -->
        <test-method signature="flightReservationConfirmationTest()[pri:0, instance:com.yehorychev.tests.flightreservation.FlightReservationTest@5117dd67]" started-at="2024-06-27T02:00:43 GMT" name="flightReservationConfirmationTest" finished-at="2024-06-27T02:00:44 GMT" depends-on-methods="com.yehorychev.tests.flightreservation.FlightReservationTest.flightSelectionTest" duration-ms="1624" status="PASS">
          <reporter-output>
          </reporter-output>
        </test-method> <!-- flightReservationConfirmationTest -->
        <test-method is-config="true" signature="quitDriver()[pri:0, instance:com.yehorychev.tests.flightreservation.FlightReservationTest@5117dd67]" started-at="2024-06-27T02:00:44 GMT" name="quitDriver" finished-at="2024-06-27T02:00:44 GMT" duration-ms="72" status="PASS">
          <reporter-output>
          </reporter-output>
        </test-method> <!-- quitDriver -->
      </class> <!-- com.yehorychev.tests.flightreservation.FlightReservationTest -->
    </test> <!-- passengers-count-2 -->
    <test started-at="2024-06-27T02:00:38 GMT" name="passengers-count-1" finished-at="2024-06-27T02:00:45 GMT" duration-ms="7519">
      <class name="com.yehorychev.tests.flightreservation.FlightReservationTest">
        <test-method is-config="true" signature="setDriver(org.testng.ITestContext)[pri:0, instance:com.yehorychev.tests.flightreservation.FlightReservationTest@658c5a19]" started-at="2024-06-27T02:00:38 GMT" name="setDriver" finished-at="2024-06-27T02:00:38 GMT" duration-ms="634" status="PASS">
          <params>
            <param index="0">
              <value>
                <![CDATA[org.testng.TestRunner@2f67b837]]>
              </value>
            </param>
          </params>
          <reporter-output>
          </reporter-output>
        </test-method> <!-- setDriver -->
        <test-method is-config="true" signature="setNoOfPassengersAndExpectedPrice(java.lang.String)[pri:0, instance:com.yehorychev.tests.flightreservation.FlightReservationTest@658c5a19]" started-at="2024-06-27T02:00:38 GMT" name="setNoOfPassengersAndExpectedPrice" finished-at="2024-06-27T02:00:38 GMT" depends-on-methods="com.yehorychev.tests.BaseTest.setDriver" duration-ms="77" status="PASS">
          <params>
            <param index="0">
              <value>
                <![CDATA[test-data/flight-reservation/passenger-1.json]]>
              </value>
            </param>
          </params>
          <reporter-output>
          </reporter-output>
        </test-method> <!-- setNoOfPassengersAndExpectedPrice -->
        <test-method signature="userRegistrationTest()[pri:0, instance:com.yehorychev.tests.flightreservation.FlightReservationTest@658c5a19]" started-at="2024-06-27T02:00:38 GMT" name="userRegistrationTest" finished-at="2024-06-27T02:00:40 GMT" duration-ms="1031" status="PASS">
          <reporter-output>
          </reporter-output>
        </test-method> <!-- userRegistrationTest -->
        <test-method signature="registrationConfirmationTest()[pri:0, instance:com.yehorychev.tests.flightreservation.FlightReservationTest@658c5a19]" started-at="2024-06-27T02:00:40 GMT" name="registrationConfirmationTest" finished-at="2024-06-27T02:00:41 GMT" depends-on-methods="com.yehorychev.tests.flightreservation.FlightReservationTest.userRegistrationTest" duration-ms="1684" status="PASS">
          <reporter-output>
          </reporter-output>
        </test-method> <!-- registrationConfirmationTest -->
        <test-method signature="flightSearchTest()[pri:0, instance:com.yehorychev.tests.flightreservation.FlightReservationTest@658c5a19]" started-at="2024-06-27T02:00:41 GMT" name="flightSearchTest" finished-at="2024-06-27T02:00:42 GMT" depends-on-methods="com.yehorychev.tests.flightreservation.FlightReservationTest.registrationConfirmationTest" duration-ms="1206" status="PASS">
          <reporter-output>
          </reporter-output>
        </test-method> <!-- flightSearchTest -->
        <test-method signature="flightSelectionTest()[pri:0, instance:com.yehorychev.tests.flightreservation.FlightReservationTest@658c5a19]" started-at="2024-06-27T02:00:42 GMT" name="flightSelectionTest" finished-at="2024-06-27T02:00:45 GMT" depends-on-methods="com.yehorychev.tests.flightreservation.FlightReservationTest.flightSearchTest" duration-ms="2218" status="PASS">
          <reporter-output>
          </reporter-output>
        </test-method> <!-- flightSelectionTest -->
        <test-method signature="flightReservationConfirmationTest()[pri:0, instance:com.yehorychev.tests.flightreservation.FlightReservationTest@658c5a19]" started-at="2024-06-27T02:00:45 GMT" name="flightReservationConfirmationTest" finished-at="2024-06-27T02:00:45 GMT" depends-on-methods="com.yehorychev.tests.flightreservation.FlightReservationTest.flightSelectionTest" duration-ms="586" status="PASS">
          <reporter-output>
          </reporter-output>
        </test-method> <!-- flightReservationConfirmationTest -->
        <test-method is-config="true" signature="quitDriver()[pri:0, instance:com.yehorychev.tests.flightreservation.FlightReservationTest@658c5a19]" started-at="2024-06-27T02:00:45 GMT" name="quitDriver" finished-at="2024-06-27T02:00:45 GMT" duration-ms="69" status="PASS">
          <reporter-output>
          </reporter-output>
        </test-method> <!-- quitDriver -->
      </class> <!-- com.yehorychev.tests.flightreservation.FlightReservationTest -->
    </test> <!-- passengers-count-1 -->
    <test started-at="2024-06-27T02:00:38 GMT" name="passengers-count-4" finished-at="2024-06-27T02:00:46 GMT" duration-ms="8059">
      <class name="com.yehorychev.tests.flightreservation.FlightReservationTest">
        <test-method is-config="true" signature="setupConfig()[pri:0, instance:com.yehorychev.tests.flightreservation.FlightReservationTest@662706a7]" started-at="2024-06-27T02:00:38 GMT" name="setupConfig" finished-at="2024-06-27T02:00:38 GMT" duration-ms="5" status="PASS">
          <reporter-output>
          </reporter-output>
        </test-method> <!-- setupConfig -->
        <test-method is-config="true" signature="setDriver(org.testng.ITestContext)[pri:0, instance:com.yehorychev.tests.flightreservation.FlightReservationTest@662706a7]" started-at="2024-06-27T02:00:38 GMT" name="setDriver" finished-at="2024-06-27T02:00:38 GMT" duration-ms="634" status="PASS">
          <params>
            <param index="0">
              <value>
                <![CDATA[org.testng.TestRunner@6af9fcb2]]>
              </value>
            </param>
          </params>
          <reporter-output>
          </reporter-output>
        </test-method> <!-- setDriver -->
        <test-method is-config="true" signature="setNoOfPassengersAndExpectedPrice(java.lang.String)[pri:0, instance:com.yehorychev.tests.flightreservation.FlightReservationTest@662706a7]" started-at="2024-06-27T02:00:38 GMT" name="setNoOfPassengersAndExpectedPrice" finished-at="2024-06-27T02:00:38 GMT" depends-on-methods="com.yehorychev.tests.BaseTest.setDriver" duration-ms="77" status="PASS">
          <params>
            <param index="0">
              <value>
                <![CDATA[test-data/flight-reservation/passenger-4.json]]>
              </value>
            </param>
          </params>
          <reporter-output>
          </reporter-output>
        </test-method> <!-- setNoOfPassengersAndExpectedPrice -->
        <test-method signature="userRegistrationTest()[pri:0, instance:com.yehorychev.tests.flightreservation.FlightReservationTest@662706a7]" started-at="2024-06-27T02:00:38 GMT" name="userRegistrationTest" finished-at="2024-06-27T02:00:40 GMT" duration-ms="1018" status="PASS">
          <reporter-output>
          </reporter-output>
        </test-method> <!-- userRegistrationTest -->
        <test-method signature="registrationConfirmationTest()[pri:0, instance:com.yehorychev.tests.flightreservation.FlightReservationTest@662706a7]" started-at="2024-06-27T02:00:40 GMT" name="registrationConfirmationTest" finished-at="2024-06-27T02:00:41 GMT" depends-on-methods="com.yehorychev.tests.flightreservation.FlightReservationTest.userRegistrationTest" duration-ms="1692" status="PASS">
          <reporter-output>
          </reporter-output>
        </test-method> <!-- registrationConfirmationTest -->
        <test-method signature="flightSearchTest()[pri:0, instance:com.yehorychev.tests.flightreservation.FlightReservationTest@662706a7]" started-at="2024-06-27T02:00:41 GMT" name="flightSearchTest" finished-at="2024-06-27T02:00:43 GMT" depends-on-methods="com.yehorychev.tests.flightreservation.FlightReservationTest.registrationConfirmationTest" duration-ms="2265" status="PASS">
          <reporter-output>
          </reporter-output>
        </test-method> <!-- flightSearchTest -->
        <test-method signature="flightSelectionTest()[pri:0, instance:com.yehorychev.tests.flightreservation.FlightReservationTest@662706a7]" started-at="2024-06-27T02:00:43 GMT" name="flightSelectionTest" finished-at="2024-06-27T02:00:45 GMT" depends-on-methods="com.yehorychev.tests.flightreservation.FlightReservationTest.flightSearchTest" duration-ms="1707" status="PASS">
          <reporter-output>
          </reporter-output>
        </test-method> <!-- flightSelectionTest -->
        <test-method signature="flightReservationConfirmationTest()[pri:0, instance:com.yehorychev.tests.flightreservation.FlightReservationTest@662706a7]" started-at="2024-06-27T02:00:45 GMT" name="flightReservationConfirmationTest" finished-at="2024-06-27T02:00:46 GMT" depends-on-methods="com.yehorychev.tests.flightreservation.FlightReservationTest.flightSelectionTest" duration-ms="583" status="PASS">
          <reporter-output>
          </reporter-output>
        </test-method> <!-- flightReservationConfirmationTest -->
        <test-method is-config="true" signature="quitDriver()[pri:0, instance:com.yehorychev.tests.flightreservation.FlightReservationTest@662706a7]" started-at="2024-06-27T02:00:46 GMT" name="quitDriver" finished-at="2024-06-27T02:00:46 GMT" duration-ms="69" status="PASS">
          <reporter-output>
          </reporter-output>
        </test-method> <!-- quitDriver -->
      </class> <!-- com.yehorychev.tests.flightreservation.FlightReservationTest -->
    </test> <!-- passengers-count-4 -->
    <test started-at="2024-06-27T02:00:38 GMT" name="passengers-count-3" finished-at="2024-06-27T02:00:47 GMT" duration-ms="9055">
      <class name="com.yehorychev.tests.flightreservation.FlightReservationTest">
        <test-method is-config="true" signature="setDriver(org.testng.ITestContext)[pri:0, instance:com.yehorychev.tests.flightreservation.FlightReservationTest@2931522b]" started-at="2024-06-27T02:00:38 GMT" name="setDriver" finished-at="2024-06-27T02:00:38 GMT" duration-ms="635" status="PASS">
          <params>
            <param index="0">
              <value>
                <![CDATA[org.testng.TestRunner@1fc32e4f]]>
              </value>
            </param>
          </params>
          <reporter-output>
          </reporter-output>
        </test-method> <!-- setDriver -->
        <test-method is-config="true" signature="setNoOfPassengersAndExpectedPrice(java.lang.String)[pri:0, instance:com.yehorychev.tests.flightreservation.FlightReservationTest@2931522b]" started-at="2024-06-27T02:00:38 GMT" name="setNoOfPassengersAndExpectedPrice" finished-at="2024-06-27T02:00:38 GMT" depends-on-methods="com.yehorychev.tests.BaseTest.setDriver" duration-ms="77" status="PASS">
          <params>
            <param index="0">
              <value>
                <![CDATA[test-data/flight-reservation/passenger-3.json]]>
              </value>
            </param>
          </params>
          <reporter-output>
          </reporter-output>
        </test-method> <!-- setNoOfPassengersAndExpectedPrice -->
        <test-method signature="userRegistrationTest()[pri:0, instance:com.yehorychev.tests.flightreservation.FlightReservationTest@2931522b]" started-at="2024-06-27T02:00:38 GMT" name="userRegistrationTest" finished-at="2024-06-27T02:00:40 GMT" duration-ms="1018" status="PASS">
          <reporter-output>
          </reporter-output>
        </test-method> <!-- userRegistrationTest -->
        <test-method signature="registrationConfirmationTest()[pri:0, instance:com.yehorychev.tests.flightreservation.FlightReservationTest@2931522b]" started-at="2024-06-27T02:00:40 GMT" name="registrationConfirmationTest" finished-at="2024-06-27T02:00:42 GMT" depends-on-methods="com.yehorychev.tests.flightreservation.FlightReservationTest.userRegistrationTest" duration-ms="2707" status="PASS">
          <reporter-output>
          </reporter-output>
        </test-method> <!-- registrationConfirmationTest -->
        <test-method signature="flightSearchTest()[pri:0, instance:com.yehorychev.tests.flightreservation.FlightReservationTest@2931522b]" started-at="2024-06-27T02:00:42 GMT" name="flightSearchTest" finished-at="2024-06-27T02:00:43 GMT" depends-on-methods="com.yehorychev.tests.flightreservation.FlightReservationTest.registrationConfirmationTest" duration-ms="1218" status="PASS">
          <reporter-output>
          </reporter-output>
        </test-method> <!-- flightSearchTest -->
        <test-method signature="flightSelectionTest()[pri:0, instance:com.yehorychev.tests.flightreservation.FlightReservationTest@2931522b]" started-at="2024-06-27T02:00:43 GMT" name="flightSelectionTest" finished-at="2024-06-27T02:00:46 GMT" depends-on-methods="com.yehorychev.tests.flightreservation.FlightReservationTest.flightSearchTest" duration-ms="2217" status="PASS">
          <reporter-output>
          </reporter-output>
        </test-method> <!-- flightSelectionTest -->
        <test-method signature="flightReservationConfirmationTest()[pri:0, instance:com.yehorychev.tests.flightreservation.FlightReservationTest@2931522b]" started-at="2024-06-27T02:00:46 GMT" name="flightReservationConfirmationTest" finished-at="2024-06-27T02:00:47 GMT" depends-on-methods="com.yehorychev.tests.flightreservation.FlightReservationTest.flightSelectionTest" duration-ms="1103" status="PASS">
          <reporter-output>
          </reporter-output>
        </test-method> <!-- flightReservationConfirmationTest -->
        <test-method is-config="true" signature="quitDriver()[pri:0, instance:com.yehorychev.tests.flightreservation.FlightReservationTest@2931522b]" started-at="2024-06-27T02:00:47 GMT" name="quitDriver" finished-at="2024-06-27T02:00:47 GMT" duration-ms="68" status="PASS">
          <reporter-output>
          </reporter-output>
        </test-method> <!-- quitDriver -->
      </class> <!-- com.yehorychev.tests.flightreservation.FlightReservationTest -->
    </test> <!-- passengers-count-3 -->
  </suite> <!-- flight-reservation -->
</testng-results>
