<?xml version="1.0" encoding="UTF-8"?>
<testng-results ignored="0" total="9" passed="9" failed="0" skipped="0">
  <reporter-output>
  </reporter-output>
  <suite started-at="2024-07-11T00:09:34 GMT" name="vendor-portal" finished-at="2024-07-11T00:09:41 GMT" duration-ms="6795">
    <groups>
    </groups>
    <test started-at="2024-07-11T00:09:34 GMT" name="user-john" finished-at="2024-07-11T00:09:39 GMT" duration-ms="4977">
      <class name="com.yehorychev.tests.vendorportal.VendorPortalTest">
        <test-method is-config="true" signature="setupConfig()[pri:0, instance:com.yehorychev.tests.vendorportal.VendorPortalTest@19e7a160]" started-at="2024-07-11T00:09:34 GMT" name="setupConfig" finished-at="2024-07-11T00:09:34 GMT" duration-ms="8" status="PASS">
          <reporter-output>
          </reporter-output>
        </test-method> <!-- setupConfig -->
        <test-method is-config="true" signature="setDriver(org.testng.ITestContext)[pri:0, instance:com.yehorychev.tests.vendorportal.VendorPortalTest@19e7a160]" started-at="2024-07-11T00:09:34 GMT" name="setDriver" finished-at="2024-07-11T00:09:35 GMT" duration-ms="724" status="PASS">
          <params>
            <param index="0">
              <value>
                <![CDATA[org.testng.TestRunner@4716be8b]]>
              </value>
            </param>
          </params>
          <reporter-output>
          </reporter-output>
        </test-method> <!-- setDriver -->
        <test-method is-config="true" signature="setPageObjects(java.lang.String)[pri:0, instance:com.yehorychev.tests.vendorportal.VendorPortalTest@19e7a160]" started-at="2024-07-11T00:09:35 GMT" name="setPageObjects" finished-at="2024-07-11T00:09:35 GMT" depends-on-methods="com.yehorychev.tests.BaseTest.setDriver" duration-ms="93" status="PASS">
          <params>
            <param index="0">
              <value>
                <![CDATA[test-data/vendor-portal/john.json]]>
              </value>
            </param>
          </params>
          <reporter-output>
          </reporter-output>
        </test-method> <!-- setPageObjects -->
        <test-method signature="loginTest()[pri:0, instance:com.yehorychev.tests.vendorportal.VendorPortalTest@19e7a160]" started-at="2024-07-11T00:09:35 GMT" name="loginTest" finished-at="2024-07-11T00:09:36 GMT" duration-ms="693" status="PASS">
          <reporter-output>
          </reporter-output>
        </test-method> <!-- loginTest -->
        <test-method signature="dashboardTest()[pri:0, instance:com.yehorychev.tests.vendorportal.VendorPortalTest@19e7a160]" started-at="2024-07-11T00:09:36 GMT" name="dashboardTest" finished-at="2024-07-11T00:09:38 GMT" depends-on-methods="com.yehorychev.tests.vendorportal.VendorPortalTest.loginTest" duration-ms="2131" status="PASS">
          <reporter-output>
          </reporter-output>
        </test-method> <!-- dashboardTest -->
        <test-method signature="logoutTest()[pri:0, instance:com.yehorychev.tests.vendorportal.VendorPortalTest@19e7a160]" started-at="2024-07-11T00:09:38 GMT" name="logoutTest" finished-at="2024-07-11T00:09:39 GMT" depends-on-methods="com.yehorychev.tests.vendorportal.VendorPortalTest.dashboardTest" duration-ms="1247" status="PASS">
          <reporter-output>
          </reporter-output>
        </test-method> <!-- logoutTest -->
        <test-method is-config="true" signature="quitDriver()[pri:0, instance:com.yehorychev.tests.vendorportal.VendorPortalTest@19e7a160]" started-at="2024-07-11T00:09:39 GMT" name="quitDriver" finished-at="2024-07-11T00:09:39 GMT" duration-ms="72" status="PASS">
          <reporter-output>
          </reporter-output>
        </test-method> <!-- quitDriver -->
      </class> <!-- com.yehorychev.tests.vendorportal.VendorPortalTest -->
    </test> <!-- user-john -->
    <test started-at="2024-07-11T00:09:34 GMT" name="user-sam" finished-at="2024-07-11T00:09:40 GMT" duration-ms="5756">
      <class name="com.yehorychev.tests.vendorportal.VendorPortalTest">
        <test-method is-config="true" signature="setDriver(org.testng.ITestContext)[pri:0, instance:com.yehorychev.tests.vendorportal.VendorPortalTest@59d4cd39]" started-at="2024-07-11T00:09:34 GMT" name="setDriver" finished-at="2024-07-11T00:09:35 GMT" duration-ms="724" status="PASS">
          <params>
            <param index="0">
              <value>
                <![CDATA[org.testng.TestRunner@74589991]]>
              </value>
            </param>
          </params>
          <reporter-output>
          </reporter-output>
        </test-method> <!-- setDriver -->
        <test-method is-config="true" signature="setPageObjects(java.lang.String)[pri:0, instance:com.yehorychev.tests.vendorportal.VendorPortalTest@59d4cd39]" started-at="2024-07-11T00:09:35 GMT" name="setPageObjects" finished-at="2024-07-11T00:09:35 GMT" depends-on-methods="com.yehorychev.tests.BaseTest.setDriver" duration-ms="93" status="PASS">
          <params>
            <param index="0">
              <value>
                <![CDATA[test-data/vendor-portal/sam.json]]>
              </value>
            </param>
          </params>
          <reporter-output>
          </reporter-output>
        </test-method> <!-- setPageObjects -->
        <test-method signature="loginTest()[pri:0, instance:com.yehorychev.tests.vendorportal.VendorPortalTest@59d4cd39]" started-at="2024-07-11T00:09:35 GMT" name="loginTest" finished-at="2024-07-11T00:09:36 GMT" duration-ms="693" status="PASS">
          <reporter-output>
          </reporter-output>
        </test-method> <!-- loginTest -->
        <test-method signature="dashboardTest()[pri:0, instance:com.yehorychev.tests.vendorportal.VendorPortalTest@59d4cd39]" started-at="2024-07-11T00:09:36 GMT" name="dashboardTest" finished-at="2024-07-11T00:09:39 GMT" depends-on-methods="com.yehorychev.tests.vendorportal.VendorPortalTest.loginTest" duration-ms="2930" status="PASS">
          <reporter-output>
          </reporter-output>
        </test-method> <!-- dashboardTest -->
        <test-method signature="logoutTest()[pri:0, instance:com.yehorychev.tests.vendorportal.VendorPortalTest@59d4cd39]" started-at="2024-07-11T00:09:39 GMT" name="logoutTest" finished-at="2024-07-11T00:09:40 GMT" depends-on-methods="com.yehorychev.tests.vendorportal.VendorPortalTest.dashboardTest" duration-ms="1231" status="PASS">
          <reporter-output>
          </reporter-output>
        </test-method> <!-- logoutTest -->
        <test-method is-config="true" signature="quitDriver()[pri:0, instance:com.yehorychev.tests.vendorportal.VendorPortalTest@59d4cd39]" started-at="2024-07-11T00:09:40 GMT" name="quitDriver" finished-at="2024-07-11T00:09:40 GMT" duration-ms="70" status="PASS">
          <reporter-output>
          </reporter-output>
        </test-method> <!-- quitDriver -->
      </class> <!-- com.yehorychev.tests.vendorportal.VendorPortalTest -->
    </test> <!-- user-sam -->
    <test started-at="2024-07-11T00:09:34 GMT" name="user-mike" finished-at="2024-07-11T00:09:41 GMT" duration-ms="6795">
      <class name="com.yehorychev.tests.vendorportal.VendorPortalTest">
        <test-method is-config="true" signature="setDriver(org.testng.ITestContext)[pri:0, instance:com.yehorychev.tests.vendorportal.VendorPortalTest@2931522b]" started-at="2024-07-11T00:09:34 GMT" name="setDriver" finished-at="2024-07-11T00:09:35 GMT" duration-ms="723" status="PASS">
          <params>
            <param index="0">
              <value>
                <![CDATA[org.testng.TestRunner@146dfe6]]>
              </value>
            </param>
          </params>
          <reporter-output>
          </reporter-output>
        </test-method> <!-- setDriver -->
        <test-method is-config="true" signature="setPageObjects(java.lang.String)[pri:0, instance:com.yehorychev.tests.vendorportal.VendorPortalTest@2931522b]" started-at="2024-07-11T00:09:35 GMT" name="setPageObjects" finished-at="2024-07-11T00:09:35 GMT" depends-on-methods="com.yehorychev.tests.BaseTest.setDriver" duration-ms="93" status="PASS">
          <params>
            <param index="0">
              <value>
                <![CDATA[test-data/vendor-portal/mike.json]]>
              </value>
            </param>
          </params>
          <reporter-output>
          </reporter-output>
        </test-method> <!-- setPageObjects -->
        <test-method signature="loginTest()[pri:0, instance:com.yehorychev.tests.vendorportal.VendorPortalTest@2931522b]" started-at="2024-07-11T00:09:35 GMT" name="loginTest" finished-at="2024-07-11T00:09:36 GMT" duration-ms="693" status="PASS">
          <reporter-output>
          </reporter-output>
        </test-method> <!-- loginTest -->
        <test-method signature="dashboardTest()[pri:0, instance:com.yehorychev.tests.vendorportal.VendorPortalTest@2931522b]" started-at="2024-07-11T00:09:36 GMT" name="dashboardTest" finished-at="2024-07-11T00:09:39 GMT" depends-on-methods="com.yehorychev.tests.vendorportal.VendorPortalTest.loginTest" duration-ms="3468" status="PASS">
          <reporter-output>
          </reporter-output>
        </test-method> <!-- dashboardTest -->
        <test-method signature="logoutTest()[pri:0, instance:com.yehorychev.tests.vendorportal.VendorPortalTest@2931522b]" started-at="2024-07-11T00:09:39 GMT" name="logoutTest" finished-at="2024-07-11T00:09:41 GMT" depends-on-methods="com.yehorychev.tests.vendorportal.VendorPortalTest.dashboardTest" duration-ms="1732" status="PASS">
          <reporter-output>
          </reporter-output>
        </test-method> <!-- logoutTest -->
        <test-method is-config="true" signature="quitDriver()[pri:0, instance:com.yehorychev.tests.vendorportal.VendorPortalTest@2931522b]" started-at="2024-07-11T00:09:41 GMT" name="quitDriver" finished-at="2024-07-11T00:09:41 GMT" duration-ms="69" status="PASS">
          <reporter-output>
          </reporter-output>
        </test-method> <!-- quitDriver -->
      </class> <!-- com.yehorychev.tests.vendorportal.VendorPortalTest -->
    </test> <!-- user-mike -->
  </suite> <!-- vendor-portal -->
</testng-results>
