<?xml version="1.0" encoding="UTF-8"?>
<testng-results ignored="0" total="20" passed="20" failed="0" skipped="0">
  <reporter-output>
  </reporter-output>
  <suite started-at="2024-06-28T00:14:34 GMT" name="flight-reservation" finished-at="2024-06-28T00:14:56 GMT" duration-ms="22024">
    <groups>
    </groups>
    <test started-at="2024-06-28T00:14:34 GMT" name="passengers-count-3" finished-at="2024-06-28T00:14:55 GMT" duration-ms="21349">
      <class name="com.vinsguru.tests.flightreservation.FlightReservationTest">
        <test-method is-config="true" signature="setDriver(org.testng.ITestContext)[pri:0, instance:com.vinsguru.tests.flightreservation.FlightReservationTest@27adc16e]" started-at="2024-06-28T00:14:34 GMT" name="setDriver" finished-at="2024-06-28T00:14:42 GMT" duration-ms="8010" status="PASS">
          <params>
            <param index="0">
              <value>
                <![CDATA[org.testng.TestRunner@7a67e3c6]]>
              </value>
            </param>
          </params>
          <reporter-output>
          </reporter-output>
        </test-method> <!-- setDriver -->
        <test-method is-config="true" signature="setParameters(java.lang.String)[pri:0, instance:com.vinsguru.tests.flightreservation.FlightReservationTest@27adc16e]" started-at="2024-06-28T00:14:42 GMT" name="setParameters" finished-at="2024-06-28T00:14:43 GMT" depends-on-methods="com.vinsguru.tests.AbstractTest.setDriver" duration-ms="1021" status="PASS">
          <params>
            <param index="0">
              <value>
                <![CDATA[test-data/flight-reservation/passenger-3.json]]>
              </value>
            </param>
          </params>
          <reporter-output>
          </reporter-output>
        </test-method> <!-- setParameters -->
        <test-method signature="userRegistrationTest()[pri:0, instance:com.vinsguru.tests.flightreservation.FlightReservationTest@27adc16e]" started-at="2024-06-28T00:14:43 GMT" name="userRegistrationTest" finished-at="2024-06-28T00:14:47 GMT" duration-ms="4290" status="PASS">
          <reporter-output>
          </reporter-output>
        </test-method> <!-- userRegistrationTest -->
        <test-method signature="registrationConfirmationTest()[pri:0, instance:com.vinsguru.tests.flightreservation.FlightReservationTest@27adc16e]" started-at="2024-06-28T00:14:48 GMT" name="registrationConfirmationTest" finished-at="2024-06-28T00:14:48 GMT" depends-on-methods="com.vinsguru.tests.flightreservation.FlightReservationTest.userRegistrationTest" duration-ms="310" status="PASS">
          <reporter-output>
          </reporter-output>
        </test-method> <!-- registrationConfirmationTest -->
        <test-method signature="flightsSearchTest()[pri:0, instance:com.vinsguru.tests.flightreservation.FlightReservationTest@27adc16e]" started-at="2024-06-28T00:14:48 GMT" name="flightsSearchTest" finished-at="2024-06-28T00:14:50 GMT" depends-on-methods="com.vinsguru.tests.flightreservation.FlightReservationTest.registrationConfirmationTest" duration-ms="2140" status="PASS">
          <reporter-output>
          </reporter-output>
        </test-method> <!-- flightsSearchTest -->
        <test-method signature="flightsSelectionTest()[pri:0, instance:com.vinsguru.tests.flightreservation.FlightReservationTest@27adc16e]" started-at="2024-06-28T00:14:50 GMT" name="flightsSelectionTest" finished-at="2024-06-28T00:14:53 GMT" depends-on-methods="com.vinsguru.tests.flightreservation.FlightReservationTest.flightsSearchTest" duration-ms="2537" status="PASS">
          <reporter-output>
          </reporter-output>
        </test-method> <!-- flightsSelectionTest -->
        <test-method signature="flightReservationConfirmationTest()[pri:0, instance:com.vinsguru.tests.flightreservation.FlightReservationTest@27adc16e]" started-at="2024-06-28T00:14:53 GMT" name="flightReservationConfirmationTest" finished-at="2024-06-28T00:14:54 GMT" depends-on-methods="com.vinsguru.tests.flightreservation.FlightReservationTest.flightsSelectionTest" duration-ms="1905" status="PASS">
          <reporter-output>
          </reporter-output>
        </test-method> <!-- flightReservationConfirmationTest -->
        <test-method is-config="true" signature="quitDriver()[pri:0, instance:com.vinsguru.tests.flightreservation.FlightReservationTest@27adc16e]" started-at="2024-06-28T00:14:54 GMT" name="quitDriver" finished-at="2024-06-28T00:14:55 GMT" duration-ms="499" status="PASS">
          <reporter-output>
          </reporter-output>
        </test-method> <!-- quitDriver -->
      </class> <!-- com.vinsguru.tests.flightreservation.FlightReservationTest -->
    </test> <!-- passengers-count-3 -->
    <test started-at="2024-06-28T00:14:34 GMT" name="passengers-count-4" finished-at="2024-06-28T00:14:55 GMT" duration-ms="21407">
      <class name="com.vinsguru.tests.flightreservation.FlightReservationTest">
        <test-method is-config="true" signature="setupConfig()[pri:0, instance:com.vinsguru.tests.flightreservation.FlightReservationTest@1fd14d74]" started-at="2024-06-28T00:14:34 GMT" name="setupConfig" finished-at="2024-06-28T00:14:34 GMT" duration-ms="85" status="PASS">
          <reporter-output>
          </reporter-output>
        </test-method> <!-- setupConfig -->
        <test-method is-config="true" signature="setDriver(org.testng.ITestContext)[pri:0, instance:com.vinsguru.tests.flightreservation.FlightReservationTest@1fd14d74]" started-at="2024-06-28T00:14:34 GMT" name="setDriver" finished-at="2024-06-28T00:14:42 GMT" duration-ms="8011" status="PASS">
          <params>
            <param index="0">
              <value>
                <![CDATA[org.testng.TestRunner@7b205dbd]]>
              </value>
            </param>
          </params>
          <reporter-output>
          </reporter-output>
        </test-method> <!-- setDriver -->
        <test-method is-config="true" signature="setParameters(java.lang.String)[pri:0, instance:com.vinsguru.tests.flightreservation.FlightReservationTest@1fd14d74]" started-at="2024-06-28T00:14:42 GMT" name="setParameters" finished-at="2024-06-28T00:14:43 GMT" depends-on-methods="com.vinsguru.tests.AbstractTest.setDriver" duration-ms="1021" status="PASS">
          <params>
            <param index="0">
              <value>
                <![CDATA[test-data/flight-reservation/passenger-4.json]]>
              </value>
            </param>
          </params>
          <reporter-output>
          </reporter-output>
        </test-method> <!-- setParameters -->
        <test-method signature="userRegistrationTest()[pri:0, instance:com.vinsguru.tests.flightreservation.FlightReservationTest@1fd14d74]" started-at="2024-06-28T00:14:43 GMT" name="userRegistrationTest" finished-at="2024-06-28T00:14:47 GMT" duration-ms="4291" status="PASS">
          <reporter-output>
          </reporter-output>
        </test-method> <!-- userRegistrationTest -->
        <test-method signature="registrationConfirmationTest()[pri:0, instance:com.vinsguru.tests.flightreservation.FlightReservationTest@1fd14d74]" started-at="2024-06-28T00:14:48 GMT" name="registrationConfirmationTest" finished-at="2024-06-28T00:14:49 GMT" depends-on-methods="com.vinsguru.tests.flightreservation.FlightReservationTest.userRegistrationTest" duration-ms="1595" status="PASS">
          <reporter-output>
          </reporter-output>
        </test-method> <!-- registrationConfirmationTest -->
        <test-method signature="flightsSearchTest()[pri:0, instance:com.vinsguru.tests.flightreservation.FlightReservationTest@1fd14d74]" started-at="2024-06-28T00:14:49 GMT" name="flightsSearchTest" finished-at="2024-06-28T00:14:51 GMT" depends-on-methods="com.vinsguru.tests.flightreservation.FlightReservationTest.registrationConfirmationTest" duration-ms="2275" status="PASS">
          <reporter-output>
          </reporter-output>
        </test-method> <!-- flightsSearchTest -->
        <test-method signature="flightsSelectionTest()[pri:0, instance:com.vinsguru.tests.flightreservation.FlightReservationTest@1fd14d74]" started-at="2024-06-28T00:14:52 GMT" name="flightsSelectionTest" finished-at="2024-06-28T00:14:53 GMT" depends-on-methods="com.vinsguru.tests.flightreservation.FlightReservationTest.flightsSearchTest" duration-ms="1787" status="PASS">
          <reporter-output>
          </reporter-output>
        </test-method> <!-- flightsSelectionTest -->
        <test-method signature="flightReservationConfirmationTest()[pri:0, instance:com.vinsguru.tests.flightreservation.FlightReservationTest@1fd14d74]" started-at="2024-06-28T00:14:53 GMT" name="flightReservationConfirmationTest" finished-at="2024-06-28T00:14:55 GMT" depends-on-methods="com.vinsguru.tests.flightreservation.FlightReservationTest.flightsSelectionTest" duration-ms="1199" status="PASS">
          <reporter-output>
          </reporter-output>
        </test-method> <!-- flightReservationConfirmationTest -->
        <test-method is-config="true" signature="quitDriver()[pri:0, instance:com.vinsguru.tests.flightreservation.FlightReservationTest@1fd14d74]" started-at="2024-06-28T00:14:55 GMT" name="quitDriver" finished-at="2024-06-28T00:14:55 GMT" duration-ms="478" status="PASS">
          <reporter-output>
          </reporter-output>
        </test-method> <!-- quitDriver -->
      </class> <!-- com.vinsguru.tests.flightreservation.FlightReservationTest -->
    </test> <!-- passengers-count-4 -->
    <test started-at="2024-06-28T00:14:34 GMT" name="passengers-count-2" finished-at="2024-06-28T00:14:55 GMT" duration-ms="21409">
      <class name="com.vinsguru.tests.flightreservation.FlightReservationTest">
        <test-method is-config="true" signature="setDriver(org.testng.ITestContext)[pri:0, instance:com.vinsguru.tests.flightreservation.FlightReservationTest@55cf0d14]" started-at="2024-06-28T00:14:34 GMT" name="setDriver" finished-at="2024-06-28T00:14:42 GMT" duration-ms="8010" status="PASS">
          <params>
            <param index="0">
              <value>
                <![CDATA[org.testng.TestRunner@106cc338]]>
              </value>
            </param>
          </params>
          <reporter-output>
          </reporter-output>
        </test-method> <!-- setDriver -->
        <test-method is-config="true" signature="setParameters(java.lang.String)[pri:0, instance:com.vinsguru.tests.flightreservation.FlightReservationTest@55cf0d14]" started-at="2024-06-28T00:14:42 GMT" name="setParameters" finished-at="2024-06-28T00:14:43 GMT" depends-on-methods="com.vinsguru.tests.AbstractTest.setDriver" duration-ms="1024" status="PASS">
          <params>
            <param index="0">
              <value>
                <![CDATA[test-data/flight-reservation/passenger-2.json]]>
              </value>
            </param>
          </params>
          <reporter-output>
          </reporter-output>
        </test-method> <!-- setParameters -->
        <test-method signature="userRegistrationTest()[pri:0, instance:com.vinsguru.tests.flightreservation.FlightReservationTest@55cf0d14]" started-at="2024-06-28T00:14:43 GMT" name="userRegistrationTest" finished-at="2024-06-28T00:14:47 GMT" duration-ms="4291" status="PASS">
          <reporter-output>
          </reporter-output>
        </test-method> <!-- userRegistrationTest -->
        <test-method signature="registrationConfirmationTest()[pri:0, instance:com.vinsguru.tests.flightreservation.FlightReservationTest@55cf0d14]" started-at="2024-06-28T00:14:48 GMT" name="registrationConfirmationTest" finished-at="2024-06-28T00:14:48 GMT" depends-on-methods="com.vinsguru.tests.flightreservation.FlightReservationTest.userRegistrationTest" duration-ms="841" status="PASS">
          <reporter-output>
          </reporter-output>
        </test-method> <!-- registrationConfirmationTest -->
        <test-method signature="flightsSearchTest()[pri:0, instance:com.vinsguru.tests.flightreservation.FlightReservationTest@55cf0d14]" started-at="2024-06-28T00:14:48 GMT" name="flightsSearchTest" finished-at="2024-06-28T00:14:51 GMT" depends-on-methods="com.vinsguru.tests.flightreservation.FlightReservationTest.registrationConfirmationTest" duration-ms="3025" status="PASS">
          <reporter-output>
          </reporter-output>
        </test-method> <!-- flightsSearchTest -->
        <test-method signature="flightsSelectionTest()[pri:0, instance:com.vinsguru.tests.flightreservation.FlightReservationTest@55cf0d14]" started-at="2024-06-28T00:14:52 GMT" name="flightsSelectionTest" finished-at="2024-06-28T00:14:53 GMT" depends-on-methods="com.vinsguru.tests.flightreservation.FlightReservationTest.flightsSearchTest" duration-ms="1788" status="PASS">
          <reporter-output>
          </reporter-output>
        </test-method> <!-- flightsSelectionTest -->
        <test-method signature="flightReservationConfirmationTest()[pri:0, instance:com.vinsguru.tests.flightreservation.FlightReservationTest@55cf0d14]" started-at="2024-06-28T00:14:53 GMT" name="flightReservationConfirmationTest" finished-at="2024-06-28T00:14:55 GMT" depends-on-methods="com.vinsguru.tests.flightreservation.FlightReservationTest.flightsSelectionTest" duration-ms="1199" status="PASS">
          <reporter-output>
          </reporter-output>
        </test-method> <!-- flightReservationConfirmationTest -->
        <test-method is-config="true" signature="quitDriver()[pri:0, instance:com.vinsguru.tests.flightreservation.FlightReservationTest@55cf0d14]" started-at="2024-06-28T00:14:55 GMT" name="quitDriver" finished-at="2024-06-28T00:14:55 GMT" duration-ms="478" status="PASS">
          <reporter-output>
          </reporter-output>
        </test-method> <!-- quitDriver -->
      </class> <!-- com.vinsguru.tests.flightreservation.FlightReservationTest -->
    </test> <!-- passengers-count-2 -->
    <test started-at="2024-06-28T00:14:34 GMT" name="passengers-count-1" finished-at="2024-06-28T00:14:56 GMT" duration-ms="22024">
      <class name="com.vinsguru.tests.flightreservation.FlightReservationTest">
        <test-method is-config="true" signature="setDriver(org.testng.ITestContext)[pri:0, instance:com.vinsguru.tests.flightreservation.FlightReservationTest@2d9caaeb]" started-at="2024-06-28T00:14:34 GMT" name="setDriver" finished-at="2024-06-28T00:14:42 GMT" duration-ms="8011" status="PASS">
          <params>
            <param index="0">
              <value>
                <![CDATA[org.testng.TestRunner@132e0cc]]>
              </value>
            </param>
          </params>
          <reporter-output>
          </reporter-output>
        </test-method> <!-- setDriver -->
        <test-method is-config="true" signature="setParameters(java.lang.String)[pri:0, instance:com.vinsguru.tests.flightreservation.FlightReservationTest@2d9caaeb]" started-at="2024-06-28T00:14:42 GMT" name="setParameters" finished-at="2024-06-28T00:14:43 GMT" depends-on-methods="com.vinsguru.tests.AbstractTest.setDriver" duration-ms="1028" status="PASS">
          <params>
            <param index="0">
              <value>
                <![CDATA[test-data/flight-reservation/passenger-1.json]]>
              </value>
            </param>
          </params>
          <reporter-output>
          </reporter-output>
        </test-method> <!-- setParameters -->
        <test-method signature="userRegistrationTest()[pri:0, instance:com.vinsguru.tests.flightreservation.FlightReservationTest@2d9caaeb]" started-at="2024-06-28T00:14:43 GMT" name="userRegistrationTest" finished-at="2024-06-28T00:14:47 GMT" duration-ms="4290" status="PASS">
          <reporter-output>
          </reporter-output>
        </test-method> <!-- userRegistrationTest -->
        <test-method signature="registrationConfirmationTest()[pri:0, instance:com.vinsguru.tests.flightreservation.FlightReservationTest@2d9caaeb]" started-at="2024-06-28T00:14:48 GMT" name="registrationConfirmationTest" finished-at="2024-06-28T00:14:50 GMT" depends-on-methods="com.vinsguru.tests.flightreservation.FlightReservationTest.userRegistrationTest" duration-ms="2275" status="PASS">
          <reporter-output>
          </reporter-output>
        </test-method> <!-- registrationConfirmationTest -->
        <test-method signature="flightsSearchTest()[pri:0, instance:com.vinsguru.tests.flightreservation.FlightReservationTest@2d9caaeb]" started-at="2024-06-28T00:14:50 GMT" name="flightsSearchTest" finished-at="2024-06-28T00:14:52 GMT" depends-on-methods="com.vinsguru.tests.flightreservation.FlightReservationTest.registrationConfirmationTest" duration-ms="2375" status="PASS">
          <reporter-output>
          </reporter-output>
        </test-method> <!-- flightsSearchTest -->
        <test-method signature="flightsSelectionTest()[pri:0, instance:com.vinsguru.tests.flightreservation.FlightReservationTest@2d9caaeb]" started-at="2024-06-28T00:14:52 GMT" name="flightsSelectionTest" finished-at="2024-06-28T00:14:53 GMT" depends-on-methods="com.vinsguru.tests.flightreservation.FlightReservationTest.flightsSearchTest" duration-ms="1187" status="PASS">
          <reporter-output>
          </reporter-output>
        </test-method> <!-- flightsSelectionTest -->
        <test-method signature="flightReservationConfirmationTest()[pri:0, instance:com.vinsguru.tests.flightreservation.FlightReservationTest@2d9caaeb]" started-at="2024-06-28T00:14:53 GMT" name="flightReservationConfirmationTest" finished-at="2024-06-28T00:14:55 GMT" depends-on-methods="com.vinsguru.tests.flightreservation.FlightReservationTest.flightsSelectionTest" duration-ms="1716" status="PASS">
          <reporter-output>
          </reporter-output>
        </test-method> <!-- flightReservationConfirmationTest -->
        <test-method is-config="true" signature="quitDriver()[pri:0, instance:com.vinsguru.tests.flightreservation.FlightReservationTest@2d9caaeb]" started-at="2024-06-28T00:14:55 GMT" name="quitDriver" finished-at="2024-06-28T00:14:56 GMT" duration-ms="475" status="PASS">
          <reporter-output>
          </reporter-output>
        </test-method> <!-- quitDriver -->
      </class> <!-- com.vinsguru.tests.flightreservation.FlightReservationTest -->
    </test> <!-- passengers-count-1 -->
  </suite> <!-- flight-reservation -->
</testng-results>
